<?xml version="1.0" encoding="UTF-8"?>
<!-- Generated by org.testng.reporters.JUnitXMLReporter -->
<testsuite ignored="0" hostname="LAPTOP-H1C7STNE" failures="0" tests="4" name="Default test" time="9.458" errors="0" timestamp="2022-05-29T13:47:09 IST">
  <testcase classname="testngstudy.testclass" name="display1" time="0.012"/>
  <testcase classname="testngstudy.testclass" name="display2" time="0.003"/>
  <testcase classname="testngstudy.testclass" name="display3" time="0.001"/>
  <testcase classname="testngstudy.testclass" name="mymethod1" time="9.381"/>
</testsuite> <!-- Default test -->
