<?xml version="1.0" encoding="UTF-8"?>
<!-- Generated by org.testng.reporters.JUnitXMLReporter -->
<testsuite ignored="1" hostname="LAPTOP-H1C7STNE" failures="2" tests="12" name="Test" time="2.129" errors="0" timestamp="2022-06-02T14:43:22 IST">
  <testcase classname="testngstudy.testngkeyword2" name="a" time="0.012"/>
  <testcase classname="testngstudy.testngkeyword2" name="c" time="0.001"/>
  <testcase classname="testngstudy.testngkeyword2" name="b" time="0.002"/>
  <testcase classname="testngstudy.testngkeyword" name="tc3" time="1.005">
    <failure type="org.testng.internal.thread.ThreadTimeoutException" message="Method testngstudy.testngkeyword.tc3() didn&amp;apos;t finish within the time-out 1000">
      <![CDATA[org.testng.internal.thread.ThreadTimeoutException: Method testngstudy.testngkeyword.tc3() didn't finish within the time-out 1000
at java.base/java.util.ArrayList.forEach(ArrayList.java:1511)
... Removed 24 stack frames]]>
    </failure>
  </testcase> <!-- tc3 -->
  <testcase classname="testngstudy.testngkeyword" name="tc3" time="1.006">
    <failure type="org.testng.internal.thread.ThreadTimeoutException" message="Method testngstudy.testngkeyword.tc3() didn&amp;apos;t finish within the time-out 1000">
      <![CDATA[org.testng.internal.thread.ThreadTimeoutException: Method testngstudy.testngkeyword.tc3() didn't finish within the time-out 1000
at java.base/java.util.ArrayList.forEach(ArrayList.java:1511)
... Removed 24 stack frames]]>
    </failure>
  </testcase> <!-- tc3 -->
  <testcase classname="testngstudy.testngkeyword" name="tc2" time="0.003"/>
  <testcase classname="testngstudy.testngkeyword" name="tc1" time="0.003"/>
  <testcase classname="testngstudy.testngkeyword" name="tc1" time="0.003"/>
  <testcase classname="testngstudy.testngkeyword" name="tc1" time="0.002"/>
  <testcase classname="testngstudy.testngkeyword" name="tc1" time="0.003"/>
  <testcase classname="testngstudy.testngkeyword" name="tc1" time="0.003"/>
  <testcase classname="testngstudy.testngkeyword" name="tc5" time="0.003"/>
  <testcase classname="testngstudy.testngkeyword" name="tc4" time="0.0">
    <ignored/>
  </testcase> <!-- tc4 -->
</testsuite> <!-- Test -->
